<?xml version="1.0" encoding="UTF-8"?>
<!-- Generated by org.testng.reporters.JUnitReportReporter -->
<testsuite hostname="darong-PC" name="com.dss.test.integration.HibernateTest" tests="1" failures="0" timestamp="22 Nov 2010 10:57:40 GMT" time="0.095" errors="0">
  <testcase name="hibernateStartupTest" time="0.095" classname="com.dss.test.integration.HibernateTest"/>
</testsuite>
